<?xml version="1.0" encoding="UTF-8"?>
<testsuite xmlns:xsi="http://www.w3.org/2001/XMLSchema-instance" xsi:noNamespaceSchemaLocation="https://maven.apache.org/surefire/maven-surefire-plugin/xsd/surefire-test-report-3.0.xsd" version="3.0" name="intergrationTest.login.LoginTest" time="3.0" tests="1" errors="0" skipped="0" failures="0">
  <properties>
[...]
</properties>
  <testcase name="LoginBerhasil" classname="intergrationTest.login.LoginTest" time="2.87">
    <system-out><![CDATA[Request method:	POST
Request URI:	https://octomobile-uat.cimbniaga.co.id/api/login/authentication/login/userid
Proxy:			<none>
Request params:	<none>
Query params:	<none>
Form params:	<none>
Path params:	<none>
Headers:		X-Secret=NOgF5_3ClXiI0D7Gf_eXA0CMhstZJ_5RTy7DAHXltV0mtSZT4sJGoYIsj-yaogbOjAW7t5BctTT0cmc14xkr5F928Udql6veD4lL1Hfg4o4w5XR7c4osuyfzg5PgOpzibMfChqFhQ5WGcOmMM0Yz0IClZGTF0SNxcrcW0dQabJaHclHVpUNw5sbtMydy229pB1jJLl0Ne1DQ0pSJOCeF9o0i6UYITezz8M-hQyg7uySBlrHcslMpEU_V3kad-jkIdK-mwSUWBZkG5br_2D32t5pLxcC6H8G-VJO1wuyQqhbKhOu1368pVn4et3_5SGfl3K1RXO7s2oeU4NFdwPwKaQ==
				Accept=*/*
				Content-Type=application/vnd.api.v2+json
Cookies:		<none>
Multiparts:		<none>
Body:
{
    "user_id": "5mX2dx2xCsd05v0OZ-fd2e29m-9Fq4U=",
    "device_id": "sWj6LgvoGqBzowWan8wRKmaqvwfdx0mjk0yswaNzjVc=",
    "os_type": "w2L9awGxGjFEO8uDjAxjKUBbvgyAjO4=",
    "device_info": "Samsung S20",
    "os_version": "14",
    "jailbreak_flag": false,
    "main_login_page": false
}
{
    "timestamp": "2024-05-21 21:22:20",
    "trace_id": "322470e3a94ca460",
    "source_system": "OCTOMOBILE_ID",
    "response_key": "SUCCESS",
    "message": {
        "title_idn": null,
        "title_eng": null,
        "desc_idn": null,
        "desc_eng": null
    },
    "data": {
        "nickname": "DIONSIT",
        "customer_segmentation": "REGULAR/FBS",
        "menu": null,
        "banked_status": "CASA",
        "mobile_phone": null,
        "last_login_date": "2024-05-21 21:22:03",
        "suggest_kycbanner": false,
        "cdp_key": "idoAuC5aEQZh-ED8XfpbJ3_sDzIwjcpPU2vrl-PJ",
        "supplement": false,
        "cdp_key_2": "DNjyOuTiusW8xKVyoQguHKy-zh5ZksrCPJKvIvKZiYKLxnYJv4uEc_14h5WdAnGqAlYHAa8cCQazUY092I1nSxTg1TZxV3SuwmWtLXe33KZX7qNTje_TVyg8KO7ks8p8zfeqrhN6j5VYy2e58aKB9F3FJGDxydYDC7Wxlo3jwtDuNcAW75pzwD0o8qXPgv4goaT2dQXC0qDUy4kV-j2_srWZTzz5jTe0ldAp0FGb6MT7mYV2V7wjJfah9rwBLGAz7nXtTZv9ckWoQU0XSKooBZUapRNtu5wREHOQu-huwj26nu7XAr2H1vmImXJxck5alZhdUpEj9eBMVsj8GwXowg"
    }
}
]]></system-out>
  </testcase>
</testsuite>