<?xml version="1.0" encoding="UTF-8"?>
<testsuite xmlns:xsi="http://www.w3.org/2001/XMLSchema-instance" xsi:schemaLocation="https://maven.apache.org/surefire/maven-surefire-plugin/xsd/surefire-test-report.xsd" name="TestSuite" time="0.513" tests="4" errors="0" skipped="0" failures="2">
  <properties>
[...]
</properties>
  <testcase name="yourTestMethod1" classname="intergrationTest.Transfer.Marimas1" time="0.054">
    <failure message="The following asserts failed:&#10;	expected [2] but found [1],&#10;	expected [2] but found [1],&#10;	expected [2] but found [1]" type="java.lang.AssertionError">java.lang.AssertionError: 
The following asserts failed:
	expected [2] but found [1],
	expected [2] but found [1],
	expected [2] but found [1]
	at intergrationTest.Transfer.Marimas1.yourTestMethod1(Marimas1.java:34)
</failure>
    <system-out><![CDATA[result.getMethod().getMethodName() :yourTestMethod1
bbb
GlobalVar.test  :yourTestMethod1
]]></system-out>
  </testcase>
  <testcase name="yourTestMethod2" classname="intergrationTest.Transfer.Marimas1" time="0"/>
  <testcase name="yourTestMethod111" classname="intergrationTest.Menu.Marimas" time="0">
    <failure message="The following asserts failed:&#10;	expected [2] but found [1],&#10;	expected [2] but found [1],&#10;	expected [2] but found [1]" type="java.lang.AssertionError">java.lang.AssertionError: 
The following asserts failed:
	expected [2] but found [1],
	expected [2] but found [1],
	expected [2] but found [1]
	at intergrationTest.Menu.Marimas.yourTestMethod111(Marimas.java:35)
</failure>
    <system-out><![CDATA[result.getMethod().getMethodName() :yourTestMethod111
bbb
GlobalVar.test  :yourTestMethod111
]]></system-out>
  </testcase>
  <testcase name="yourTestMethod22" classname="intergrationTest.Menu.Marimas" time="0"/>
</testsuite>