<?xml version="1.0" encoding="UTF-8"?>
<testsuite xmlns:xsi="http://www.w3.org/2001/XMLSchema-instance" xsi:schemaLocation="https://maven.apache.org/surefire/maven-surefire-plugin/xsd/surefire-test-report.xsd" name="TestSuite" time="0.513" tests="4" errors="0" skipped="0" failures="2">
  <properties>
    <property name="java.runtime.name" value="OpenJDK Runtime Environment"/>
    <property name="java.vm.version" value="11.0.22+0"/>
    <property name="sun.boot.library.path" value="/opt/homebrew/Cellar/openjdk@11/11.0.22/libexec/openjdk.jdk/Contents/Home/lib"/>
    <property name="gopherProxySet" value="false"/>
    <property name="maven.multiModuleProjectDirectory" value="/Users/bytedance/Documents/coba"/>
    <property name="java.vm.vendor" value="Homebrew"/>
    <property name="java.vendor.url" value="https://github.com/Homebrew/homebrew-core/issues"/>
    <property name="guice.disable.misplaced.annotation.check" value="true"/>
    <property name="path.separator" value=":"/>
    <property name="java.vm.name" value="OpenJDK 64-Bit Server VM"/>
    <property name="sun.os.patch.level" value="unknown"/>
    <property name="user.country" value="US"/>
    <property name="sun.java.launcher" value="SUN_STANDARD"/>
    <property name="java.vm.specification.name" value="Java Virtual Machine Specification"/>
    <property name="user.dir" value="/Users/bytedance/Documents/coba"/>
    <property name="java.vm.compressedOopsMode" value="Zero based"/>
    <property name="java.runtime.version" value="11.0.22+0"/>
    <property name="java.awt.graphicsenv" value="sun.awt.CGraphicsEnvironment"/>
    <property name="os.arch" value="aarch64"/>
    <property name="java.io.tmpdir" value="/var/folders/89/t7smz6sj22q_z6_mj673jl8w0000gn/T/"/>
    <property name="line.separator" value="&#10;"/>
    <property name="java.vm.specification.vendor" value="Oracle Corporation"/>
    <property name="os.name" value="Mac OS X"/>
    <property name="classworlds.conf" value="/Users/bytedance/Documents/mvn/apache-maven-3.9.6/bin/m2.conf"/>
    <property name="sun.jnu.encoding" value="UTF-8"/>
    <property name="java.library.path" value="/Users/bytedance/Library/Java/Extensions:/Library/Java/Extensions:/Network/Library/Java/Extensions:/System/Library/Java/Extensions:/usr/lib/java:."/>
    <property name="maven.conf" value="/Users/bytedance/Documents/mvn/apache-maven-3.9.6/conf"/>
    <property name="jdk.debug" value="release"/>
    <property name="java.class.version" value="55.0"/>
    <property name="java.specification.name" value="Java Platform API Specification"/>
    <property name="sun.management.compiler" value="HotSpot 64-Bit Tiered Compilers"/>
    <property name="os.version" value="14.3"/>
    <property name="library.jansi.path" value="/Users/bytedance/Documents/mvn/apache-maven-3.9.6/lib/jansi-native"/>
    <property name="user.home" value="/Users/bytedance"/>
    <property name="user.timezone" value="Asia/Jakarta"/>
    <property name="java.awt.printerjob" value="sun.lwawt.macosx.CPrinterJob"/>
    <property name="file.encoding" value="UTF-8"/>
    <property name="java.specification.version" value="11"/>
    <property name="user.name" value="bytedance"/>
    <property name="java.class.path" value="/Users/bytedance/Documents/mvn/apache-maven-3.9.6/boot/plexus-classworlds-2.7.0.jar"/>
    <property name="java.vm.specification.version" value="11"/>
    <property name="sun.arch.data.model" value="64"/>
    <property name="sun.java.command" value="org.codehaus.plexus.classworlds.launcher.Launcher clean test"/>
    <property name="java.home" value="/opt/homebrew/Cellar/openjdk@11/11.0.22/libexec/openjdk.jdk/Contents/Home"/>
    <property name="user.language" value="en"/>
    <property name="java.specification.vendor" value="Oracle Corporation"/>
    <property name="awt.toolkit" value="sun.lwawt.macosx.LWCToolkit"/>
    <property name="java.vm.info" value="mixed mode"/>
    <property name="java.version" value="11.0.22"/>
    <property name="java.vendor" value="Homebrew"/>
    <property name="java.specification.maintenance.version" value="2"/>
    <property name="maven.home" value="/Users/bytedance/Documents/mvn/apache-maven-3.9.6"/>
    <property name="file.separator" value="/"/>
    <property name="java.version.date" value="2024-01-16"/>
    <property name="java.vendor.url.bug" value="https://github.com/Homebrew/homebrew-core/issues"/>
    <property name="sun.io.unicode.encoding" value="UnicodeBig"/>
    <property name="sun.cpu.endian" value="little"/>
    <property name="java.vendor.version" value="Homebrew"/>
    <property name="sun.cpu.isalist" value=""/>
  </properties>
  <testcase name="yourTestMethod1" classname="intergrationTest.Transfer.Marimas1" time="0.054">
    <failure message="The following asserts failed:&#10;	expected [2] but found [1],&#10;	expected [2] but found [1],&#10;	expected [2] but found [1]" type="java.lang.AssertionError">java.lang.AssertionError: 
The following asserts failed:
	expected [2] but found [1],
	expected [2] but found [1],
	expected [2] but found [1]
	at intergrationTest.Transfer.Marimas1.yourTestMethod1(Marimas1.java:34)
</failure>
    <system-out><![CDATA[result.getMethod().getMethodName() :yourTestMethod1
bbb
GlobalVar.test  :yourTestMethod1
]]></system-out>
  </testcase>
  <testcase name="yourTestMethod2" classname="intergrationTest.Transfer.Marimas1" time="0"/>
  <testcase name="yourTestMethod111" classname="intergrationTest.Menu.Marimas" time="0">
    <failure message="The following asserts failed:&#10;	expected [2] but found [1],&#10;	expected [2] but found [1],&#10;	expected [2] but found [1]" type="java.lang.AssertionError">java.lang.AssertionError: 
The following asserts failed:
	expected [2] but found [1],
	expected [2] but found [1],
	expected [2] but found [1]
	at intergrationTest.Menu.Marimas.yourTestMethod111(Marimas.java:35)
</failure>
    <system-out><![CDATA[result.getMethod().getMethodName() :yourTestMethod111
bbb
GlobalVar.test  :yourTestMethod111
]]></system-out>
  </testcase>
  <testcase name="yourTestMethod22" classname="intergrationTest.Menu.Marimas" time="0"/>
</testsuite>