<?xml version="1.0" encoding="UTF-8"?>
<testng-results ignored="0" total="1" passed="1" failed="0" skipped="0">
  <reporter-output>
  </reporter-output>
  <suite started-at="2024-05-21T21:22:18 WIB" name="Surefire suite" finished-at="2024-05-21T21:22:20 WIB" duration-ms="2878">
    <groups>
    </groups>
    <test started-at="2024-05-21T21:22:18 WIB" name="Surefire test" finished-at="2024-05-21T21:22:20 WIB" duration-ms="2878">
      <class name="intergrationTest.login.LoginTest">
        <test-method signature="LoginBerhasil()[pri:0, instance:intergrationTest.login.LoginTest@6166e06f]" started-at="2024-05-21T21:22:18 WIB" name="LoginBerhasil" finished-at="2024-05-21T21:22:20 WIB" duration-ms="2870" status="PASS">
          <reporter-output>
          </reporter-output>
        </test-method> <!-- LoginBerhasil -->
      </class> <!-- intergrationTest.login.LoginTest -->
    </test> <!-- Surefire test -->
  </suite> <!-- Surefire suite -->
</testng-results>
